<?xml version="1.0" encoding="UTF-8"?>
<!-- Generated by org.testng.reporters.JUnitXMLReporter -->
<testsuite ignored="0" hostname="KM-AMIRDI-7420" failures="0" tests="2" name="Command line test" time="0.14" errors="0" timestamp="2024-02-23T14:28:34 EET">
  <testcase classname="org.example.AppTest" name="addmeTest on Command line test(org.example.AppTest)" time="0.013"/>
  <testcase classname="org.example.AppTest" name="subtractmeTets on Command line test(org.example.AppTest)" time="0.0"/>
</testsuite> <!-- Command line test -->
