<?xml version="1.0" encoding="UTF-8"?>
<testng-results ignored="0" total="2" passed="2" failed="0" skipped="0">
  <reporter-output>
  </reporter-output>
  <suite started-at="2024-02-23T14:28:34 EET" name="org.example.AppTest" finished-at="2024-02-23T14:28:34 EET" duration-ms="140">
    <groups>
    </groups>
    <test started-at="2024-02-23T14:28:34 EET" name="Command line test" finished-at="2024-02-23T14:28:34 EET" duration-ms="140">
      <class name="org.example.AppTest">
        <test-method signature="addmeTest()[pri:0, instance:Command line test(org.example.AppTest)]" started-at="2024-02-23T14:28:34 EET" name="addmeTest" finished-at="2024-02-23T14:28:34 EET" duration-ms="13" status="PASS">
          <reporter-output>
          </reporter-output>
        </test-method> <!-- addmeTest -->
        <test-method signature="subtractmeTets()[pri:0, instance:Command line test(org.example.AppTest)]" started-at="2024-02-23T14:28:34 EET" name="subtractmeTets" finished-at="2024-02-23T14:28:34 EET" duration-ms="0" status="PASS">
          <reporter-output>
          </reporter-output>
        </test-method> <!-- subtractmeTets -->
      </class> <!-- org.example.AppTest -->
    </test> <!-- Command line test -->
  </suite> <!-- org.example.AppTest -->
</testng-results>
